27-Feb-2020 12:21:18.692 INFO [main] org.apache.catalina.startup.VersionLoggerListener.log Server version name:   Apache Tomcat/8.5.51
27-Feb-2020 12:21:18.695 INFO [main] org.apache.catalina.startup.VersionLoggerListener.log Server built:          Feb 5 2020 22:26:25 UTC
27-Feb-2020 12:21:18.695 INFO [main] org.apache.catalina.startup.VersionLoggerListener.log Server version number: 8.5.51.0
27-Feb-2020 12:21:18.695 INFO [main] org.apache.catalina.startup.VersionLoggerListener.log OS Name:               Linux
27-Feb-2020 12:21:18.695 INFO [main] org.apache.catalina.startup.VersionLoggerListener.log OS Version:            5.3.0-40-generic
27-Feb-2020 12:21:18.695 INFO [main] org.apache.catalina.startup.VersionLoggerListener.log Architecture:          amd64
27-Feb-2020 12:21:18.696 INFO [main] org.apache.catalina.startup.VersionLoggerListener.log Java Home:             /usr/lib/jvm/java-11-openjdk-amd64
27-Feb-2020 12:21:18.696 INFO [main] org.apache.catalina.startup.VersionLoggerListener.log JVM Version:           11.0.6+10-post-Ubuntu-1ubuntu119.10.1
27-Feb-2020 12:21:18.696 INFO [main] org.apache.catalina.startup.VersionLoggerListener.log JVM Vendor:            Ubuntu
27-Feb-2020 12:21:18.696 INFO [main] org.apache.catalina.startup.VersionLoggerListener.log CATALINA_BASE:         /home/delta/IdeaProjects/IntelliJ/OOPII_21821_21810/apache-tomcat-8.5.51
27-Feb-2020 12:21:18.696 INFO [main] org.apache.catalina.startup.VersionLoggerListener.log CATALINA_HOME:         /home/delta/IdeaProjects/IntelliJ/OOPII_21821_21810/apache-tomcat-8.5.51
27-Feb-2020 12:21:18.722 INFO [main] org.apache.catalina.startup.VersionLoggerListener.log Command line argument: --add-opens=java.base/java.lang=ALL-UNNAMED
27-Feb-2020 12:21:18.722 INFO [main] org.apache.catalina.startup.VersionLoggerListener.log Command line argument: --add-opens=java.base/java.io=ALL-UNNAMED
27-Feb-2020 12:21:18.722 INFO [main] org.apache.catalina.startup.VersionLoggerListener.log Command line argument: --add-opens=java.rmi/sun.rmi.transport=ALL-UNNAMED
27-Feb-2020 12:21:18.722 INFO [main] org.apache.catalina.startup.VersionLoggerListener.log Command line argument: -Djava.util.logging.config.file=/home/delta/IdeaProjects/IntelliJ/OOPII_21821_21810/apache-tomcat-8.5.51/conf/logging.properties
27-Feb-2020 12:21:18.723 INFO [main] org.apache.catalina.startup.VersionLoggerListener.log Command line argument: -Djava.util.logging.manager=org.apache.juli.ClassLoaderLogManager
27-Feb-2020 12:21:18.723 INFO [main] org.apache.catalina.startup.VersionLoggerListener.log Command line argument: -Djdk.tls.ephemeralDHKeySize=2048
27-Feb-2020 12:21:18.723 INFO [main] org.apache.catalina.startup.VersionLoggerListener.log Command line argument: -Djava.protocol.handler.pkgs=org.apache.catalina.webresources
27-Feb-2020 12:21:18.723 INFO [main] org.apache.catalina.startup.VersionLoggerListener.log Command line argument: -Dorg.apache.catalina.security.SecurityListener.UMASK=0027
27-Feb-2020 12:21:18.723 INFO [main] org.apache.catalina.startup.VersionLoggerListener.log Command line argument: -Dignore.endorsed.dirs=
27-Feb-2020 12:21:18.723 INFO [main] org.apache.catalina.startup.VersionLoggerListener.log Command line argument: -Dcatalina.base=/home/delta/IdeaProjects/IntelliJ/OOPII_21821_21810/apache-tomcat-8.5.51
27-Feb-2020 12:21:18.723 INFO [main] org.apache.catalina.startup.VersionLoggerListener.log Command line argument: -Dcatalina.home=/home/delta/IdeaProjects/IntelliJ/OOPII_21821_21810/apache-tomcat-8.5.51
27-Feb-2020 12:21:18.723 INFO [main] org.apache.catalina.startup.VersionLoggerListener.log Command line argument: -Djava.io.tmpdir=/home/delta/IdeaProjects/IntelliJ/OOPII_21821_21810/apache-tomcat-8.5.51/temp
27-Feb-2020 12:21:18.723 INFO [main] org.apache.catalina.core.AprLifecycleListener.lifecycleEvent The APR based Apache Tomcat Native library which allows optimal performance in production environments was not found on the java.library.path: [/usr/java/packages/lib:/usr/lib/x86_64-linux-gnu/jni:/lib/x86_64-linux-gnu:/usr/lib/x86_64-linux-gnu:/usr/lib/jni:/lib:/usr/lib]
27-Feb-2020 12:21:18.748 INFO [main] org.apache.coyote.AbstractProtocol.init Initializing ProtocolHandler ["http-nio-8080"]
27-Feb-2020 12:21:18.761 INFO [main] org.apache.tomcat.util.net.NioSelectorPool.getSharedSelector Using a shared selector for servlet write/read
27-Feb-2020 12:21:18.777 INFO [main] org.apache.catalina.startup.Catalina.load Initialization processed in 464 ms
27-Feb-2020 12:21:18.814 INFO [main] org.apache.catalina.core.StandardService.startInternal Starting service [Catalina]
27-Feb-2020 12:21:18.814 INFO [main] org.apache.catalina.core.StandardEngine.startInternal Starting Servlet Engine: Apache Tomcat/8.5.51
27-Feb-2020 12:21:18.829 INFO [localhost-startStop-1] org.apache.catalina.startup.HostConfig.deployWAR Deploying web application archive [/home/delta/IdeaProjects/IntelliJ/OOPII_21821_21810/apache-tomcat-8.5.51/webapps/CityWeatherSite.war]
27-Feb-2020 12:21:19.025 INFO [localhost-startStop-1] org.apache.catalina.startup.HostConfig.deployWAR Deployment of web application archive [/home/delta/IdeaProjects/IntelliJ/OOPII_21821_21810/apache-tomcat-8.5.51/webapps/CityWeatherSite.war] has finished in [195] ms
27-Feb-2020 12:21:19.026 INFO [localhost-startStop-1] org.apache.catalina.startup.HostConfig.deployDirectory Deploying web application directory [/home/delta/IdeaProjects/IntelliJ/OOPII_21821_21810/apache-tomcat-8.5.51/webapps/docs]
27-Feb-2020 12:21:19.039 INFO [localhost-startStop-1] org.apache.catalina.startup.HostConfig.deployDirectory Deployment of web application directory [/home/delta/IdeaProjects/IntelliJ/OOPII_21821_21810/apache-tomcat-8.5.51/webapps/docs] has finished in [13] ms
27-Feb-2020 12:21:19.039 INFO [localhost-startStop-1] org.apache.catalina.startup.HostConfig.deployDirectory Deploying web application directory [/home/delta/IdeaProjects/IntelliJ/OOPII_21821_21810/apache-tomcat-8.5.51/webapps/ROOT]
27-Feb-2020 12:21:19.050 INFO [localhost-startStop-1] org.apache.catalina.startup.HostConfig.deployDirectory Deployment of web application directory [/home/delta/IdeaProjects/IntelliJ/OOPII_21821_21810/apache-tomcat-8.5.51/webapps/ROOT] has finished in [11] ms
27-Feb-2020 12:21:19.051 INFO [localhost-startStop-1] org.apache.catalina.startup.HostConfig.deployDirectory Deploying web application directory [/home/delta/IdeaProjects/IntelliJ/OOPII_21821_21810/apache-tomcat-8.5.51/webapps/host-manager]
27-Feb-2020 12:21:19.070 INFO [localhost-startStop-1] org.apache.catalina.startup.HostConfig.deployDirectory Deployment of web application directory [/home/delta/IdeaProjects/IntelliJ/OOPII_21821_21810/apache-tomcat-8.5.51/webapps/host-manager] has finished in [19] ms
27-Feb-2020 12:21:19.070 INFO [localhost-startStop-1] org.apache.catalina.startup.HostConfig.deployDirectory Deploying web application directory [/home/delta/IdeaProjects/IntelliJ/OOPII_21821_21810/apache-tomcat-8.5.51/webapps/examples]
27-Feb-2020 12:21:19.205 INFO [localhost-startStop-1] org.apache.catalina.startup.HostConfig.deployDirectory Deployment of web application directory [/home/delta/IdeaProjects/IntelliJ/OOPII_21821_21810/apache-tomcat-8.5.51/webapps/examples] has finished in [135] ms
27-Feb-2020 12:21:19.205 INFO [localhost-startStop-1] org.apache.catalina.startup.HostConfig.deployDirectory Deploying web application directory [/home/delta/IdeaProjects/IntelliJ/OOPII_21821_21810/apache-tomcat-8.5.51/webapps/manager]
27-Feb-2020 12:21:19.217 INFO [localhost-startStop-1] org.apache.catalina.startup.HostConfig.deployDirectory Deployment of web application directory [/home/delta/IdeaProjects/IntelliJ/OOPII_21821_21810/apache-tomcat-8.5.51/webapps/manager] has finished in [12] ms
27-Feb-2020 12:21:19.217 INFO [localhost-startStop-1] org.apache.catalina.startup.HostConfig.deployDirectory Deploying web application directory [/home/delta/IdeaProjects/IntelliJ/OOPII_21821_21810/apache-tomcat-8.5.51/webapps/OOPII_21821_21810_war]
27-Feb-2020 12:21:19.231 INFO [localhost-startStop-1] org.apache.catalina.startup.HostConfig.deployDirectory Deployment of web application directory [/home/delta/IdeaProjects/IntelliJ/OOPII_21821_21810/apache-tomcat-8.5.51/webapps/OOPII_21821_21810_war] has finished in [13] ms
27-Feb-2020 12:21:19.233 INFO [main] org.apache.coyote.AbstractProtocol.start Starting ProtocolHandler ["http-nio-8080"]
27-Feb-2020 12:21:19.242 INFO [main] org.apache.catalina.startup.Catalina.start Server startup in 465 ms
27-Feb-2020 12:21:59.625 INFO [http-nio-8080-exec-9] org.apache.catalina.startup.HostConfig.undeploy Undeploying context [/OOPII_21821_21810_war]
27-Feb-2020 12:22:02.018 INFO [http-nio-8080-exec-8] org.apache.catalina.startup.HostConfig.undeploy Undeploying context [/CityWeatherSite]
27-Feb-2020 12:22:31.521 INFO [http-nio-8080-exec-3] org.apache.catalina.startup.HostConfig.deployWAR Deploying web application archive [/home/delta/IdeaProjects/IntelliJ/OOPII_21821_21810/apache-tomcat-8.5.51/webapps/CityWeatherSite.war]
27-Feb-2020 12:22:31.540 INFO [http-nio-8080-exec-3] org.apache.catalina.startup.HostConfig.deployWAR Deployment of web application archive [/home/delta/IdeaProjects/IntelliJ/OOPII_21821_21810/apache-tomcat-8.5.51/webapps/CityWeatherSite.war] has finished in [19] ms
27-Feb-2020 12:22:44.087 INFO [http-nio-8080-exec-10] org.apache.catalina.startup.HostConfig.undeploy Undeploying context [/CityWeatherSite]
27-Feb-2020 12:24:03.723 INFO [http-nio-8080-exec-15] org.apache.catalina.startup.HostConfig.deployWAR Deploying web application archive [/home/delta/IdeaProjects/IntelliJ/OOPII_21821_21810/apache-tomcat-8.5.51/webapps/CityWeatherSite.war]
27-Feb-2020 12:24:03.754 INFO [http-nio-8080-exec-15] org.apache.catalina.startup.HostConfig.deployWAR Deployment of web application archive [/home/delta/IdeaProjects/IntelliJ/OOPII_21821_21810/apache-tomcat-8.5.51/webapps/CityWeatherSite.war] has finished in [31] ms
27-Feb-2020 12:29:44.047 WARNING [main] org.apache.catalina.core.StandardServer.await Invalid shutdown command [] received
27-Feb-2020 12:30:03.705 INFO [main] org.apache.catalina.core.StandardServer.await A valid shutdown command was received via the shutdown port. Stopping the Server instance.
27-Feb-2020 12:30:03.706 INFO [main] org.apache.coyote.AbstractProtocol.pause Pausing ProtocolHandler ["http-nio-8080"]
27-Feb-2020 12:30:03.713 INFO [main] org.apache.catalina.core.StandardService.stopInternal Stopping service [Catalina]
27-Feb-2020 12:30:03.744 INFO [main] org.apache.coyote.AbstractProtocol.stop Stopping ProtocolHandler ["http-nio-8080"]
27-Feb-2020 12:30:03.746 INFO [main] org.apache.coyote.AbstractProtocol.destroy Destroying ProtocolHandler ["http-nio-8080"]
27-Feb-2020 12:38:50.517 INFO [main] org.apache.catalina.startup.VersionLoggerListener.log Server version name:   Apache Tomcat/8.5.51
27-Feb-2020 12:38:50.525 INFO [main] org.apache.catalina.startup.VersionLoggerListener.log Server built:          Feb 5 2020 22:26:25 UTC
27-Feb-2020 12:38:50.533 INFO [main] org.apache.catalina.startup.VersionLoggerListener.log Server version number: 8.5.51.0
27-Feb-2020 12:38:50.534 INFO [main] org.apache.catalina.startup.VersionLoggerListener.log OS Name:               Linux
27-Feb-2020 12:38:50.534 INFO [main] org.apache.catalina.startup.VersionLoggerListener.log OS Version:            5.3.0-40-generic
27-Feb-2020 12:38:50.535 INFO [main] org.apache.catalina.startup.VersionLoggerListener.log Architecture:          amd64
27-Feb-2020 12:38:50.535 INFO [main] org.apache.catalina.startup.VersionLoggerListener.log Java Home:             /usr/lib/jvm/java-11-openjdk-amd64
27-Feb-2020 12:38:50.536 INFO [main] org.apache.catalina.startup.VersionLoggerListener.log JVM Version:           11.0.6+10-post-Ubuntu-1ubuntu119.10.1
27-Feb-2020 12:38:50.536 INFO [main] org.apache.catalina.startup.VersionLoggerListener.log JVM Vendor:            Ubuntu
27-Feb-2020 12:38:50.536 INFO [main] org.apache.catalina.startup.VersionLoggerListener.log CATALINA_BASE:         /home/delta/IdeaProjects/IntelliJ/OOPII_21821_21810/apache-tomcat-8.5.51
27-Feb-2020 12:38:50.537 INFO [main] org.apache.catalina.startup.VersionLoggerListener.log CATALINA_HOME:         /home/delta/IdeaProjects/IntelliJ/OOPII_21821_21810/apache-tomcat-8.5.51
27-Feb-2020 12:38:50.538 INFO [main] org.apache.catalina.startup.VersionLoggerListener.log Command line argument: --add-opens=java.base/java.lang=ALL-UNNAMED
27-Feb-2020 12:38:50.538 INFO [main] org.apache.catalina.startup.VersionLoggerListener.log Command line argument: --add-opens=java.base/java.io=ALL-UNNAMED
27-Feb-2020 12:38:50.542 INFO [main] org.apache.catalina.startup.VersionLoggerListener.log Command line argument: --add-opens=java.rmi/sun.rmi.transport=ALL-UNNAMED
27-Feb-2020 12:38:50.543 INFO [main] org.apache.catalina.startup.VersionLoggerListener.log Command line argument: -Djava.util.logging.config.file=/home/delta/IdeaProjects/IntelliJ/OOPII_21821_21810/apache-tomcat-8.5.51/conf/logging.properties
27-Feb-2020 12:38:50.543 INFO [main] org.apache.catalina.startup.VersionLoggerListener.log Command line argument: -Djava.util.logging.manager=org.apache.juli.ClassLoaderLogManager
27-Feb-2020 12:38:50.544 INFO [main] org.apache.catalina.startup.VersionLoggerListener.log Command line argument: -Djdk.tls.ephemeralDHKeySize=2048
27-Feb-2020 12:38:50.544 INFO [main] org.apache.catalina.startup.VersionLoggerListener.log Command line argument: -Djava.protocol.handler.pkgs=org.apache.catalina.webresources
27-Feb-2020 12:38:50.546 INFO [main] org.apache.catalina.startup.VersionLoggerListener.log Command line argument: -Dorg.apache.catalina.security.SecurityListener.UMASK=0027
27-Feb-2020 12:38:50.547 INFO [main] org.apache.catalina.startup.VersionLoggerListener.log Command line argument: -Dignore.endorsed.dirs=
27-Feb-2020 12:38:50.547 INFO [main] org.apache.catalina.startup.VersionLoggerListener.log Command line argument: -Dcatalina.base=/home/delta/IdeaProjects/IntelliJ/OOPII_21821_21810/apache-tomcat-8.5.51
27-Feb-2020 12:38:50.547 INFO [main] org.apache.catalina.startup.VersionLoggerListener.log Command line argument: -Dcatalina.home=/home/delta/IdeaProjects/IntelliJ/OOPII_21821_21810/apache-tomcat-8.5.51
27-Feb-2020 12:38:50.547 INFO [main] org.apache.catalina.startup.VersionLoggerListener.log Command line argument: -Djava.io.tmpdir=/home/delta/IdeaProjects/IntelliJ/OOPII_21821_21810/apache-tomcat-8.5.51/temp
27-Feb-2020 12:38:50.548 INFO [main] org.apache.catalina.core.AprLifecycleListener.lifecycleEvent The APR based Apache Tomcat Native library which allows optimal performance in production environments was not found on the java.library.path: [/usr/java/packages/lib:/usr/lib/x86_64-linux-gnu/jni:/lib/x86_64-linux-gnu:/usr/lib/x86_64-linux-gnu:/usr/lib/jni:/lib:/usr/lib]
27-Feb-2020 12:38:50.620 INFO [main] org.apache.coyote.AbstractProtocol.init Initializing ProtocolHandler ["http-nio-8080"]
27-Feb-2020 12:38:50.640 INFO [main] org.apache.tomcat.util.net.NioSelectorPool.getSharedSelector Using a shared selector for servlet write/read
27-Feb-2020 12:38:50.662 INFO [main] org.apache.catalina.startup.Catalina.load Initialization processed in 1176 ms
27-Feb-2020 12:38:50.767 INFO [main] org.apache.catalina.core.StandardService.startInternal Starting service [Catalina]
27-Feb-2020 12:38:50.767 INFO [main] org.apache.catalina.core.StandardEngine.startInternal Starting Servlet Engine: Apache Tomcat/8.5.51
27-Feb-2020 12:38:50.800 INFO [localhost-startStop-1] org.apache.catalina.startup.HostConfig.deployWAR Deploying web application archive [/home/delta/IdeaProjects/IntelliJ/OOPII_21821_21810/apache-tomcat-8.5.51/webapps/CityWeatherSite.war]
27-Feb-2020 12:38:51.088 INFO [localhost-startStop-1] org.apache.catalina.startup.HostConfig.deployWAR Deployment of web application archive [/home/delta/IdeaProjects/IntelliJ/OOPII_21821_21810/apache-tomcat-8.5.51/webapps/CityWeatherSite.war] has finished in [288] ms
27-Feb-2020 12:38:51.089 INFO [localhost-startStop-1] org.apache.catalina.startup.HostConfig.deployDirectory Deploying web application directory [/home/delta/IdeaProjects/IntelliJ/OOPII_21821_21810/apache-tomcat-8.5.51/webapps/docs]
27-Feb-2020 12:38:51.111 INFO [localhost-startStop-1] org.apache.catalina.startup.HostConfig.deployDirectory Deployment of web application directory [/home/delta/IdeaProjects/IntelliJ/OOPII_21821_21810/apache-tomcat-8.5.51/webapps/docs] has finished in [22] ms
27-Feb-2020 12:38:51.111 INFO [localhost-startStop-1] org.apache.catalina.startup.HostConfig.deployDirectory Deploying web application directory [/home/delta/IdeaProjects/IntelliJ/OOPII_21821_21810/apache-tomcat-8.5.51/webapps/ROOT]
27-Feb-2020 12:38:51.131 INFO [localhost-startStop-1] org.apache.catalina.startup.HostConfig.deployDirectory Deployment of web application directory [/home/delta/IdeaProjects/IntelliJ/OOPII_21821_21810/apache-tomcat-8.5.51/webapps/ROOT] has finished in [20] ms
27-Feb-2020 12:38:51.131 INFO [localhost-startStop-1] org.apache.catalina.startup.HostConfig.deployDirectory Deploying web application directory [/home/delta/IdeaProjects/IntelliJ/OOPII_21821_21810/apache-tomcat-8.5.51/webapps/host-manager]
27-Feb-2020 12:38:51.166 INFO [localhost-startStop-1] org.apache.catalina.startup.HostConfig.deployDirectory Deployment of web application directory [/home/delta/IdeaProjects/IntelliJ/OOPII_21821_21810/apache-tomcat-8.5.51/webapps/host-manager] has finished in [35] ms
27-Feb-2020 12:38:51.167 INFO [localhost-startStop-1] org.apache.catalina.startup.HostConfig.deployDirectory Deploying web application directory [/home/delta/IdeaProjects/IntelliJ/OOPII_21821_21810/apache-tomcat-8.5.51/webapps/examples]
27-Feb-2020 12:38:51.470 INFO [localhost-startStop-1] org.apache.catalina.startup.HostConfig.deployDirectory Deployment of web application directory [/home/delta/IdeaProjects/IntelliJ/OOPII_21821_21810/apache-tomcat-8.5.51/webapps/examples] has finished in [303] ms
27-Feb-2020 12:38:51.471 INFO [localhost-startStop-1] org.apache.catalina.startup.HostConfig.deployDirectory Deploying web application directory [/home/delta/IdeaProjects/IntelliJ/OOPII_21821_21810/apache-tomcat-8.5.51/webapps/manager]
27-Feb-2020 12:38:51.508 INFO [localhost-startStop-1] org.apache.catalina.startup.HostConfig.deployDirectory Deployment of web application directory [/home/delta/IdeaProjects/IntelliJ/OOPII_21821_21810/apache-tomcat-8.5.51/webapps/manager] has finished in [36] ms
27-Feb-2020 12:38:51.508 INFO [localhost-startStop-1] org.apache.catalina.startup.HostConfig.deployDirectory Deploying web application directory [/home/delta/IdeaProjects/IntelliJ/OOPII_21821_21810/apache-tomcat-8.5.51/webapps/OOPII_21821_21810_war]
27-Feb-2020 12:38:51.544 INFO [localhost-startStop-1] org.apache.catalina.startup.HostConfig.deployDirectory Deployment of web application directory [/home/delta/IdeaProjects/IntelliJ/OOPII_21821_21810/apache-tomcat-8.5.51/webapps/OOPII_21821_21810_war] has finished in [36] ms
27-Feb-2020 12:38:51.562 INFO [main] org.apache.coyote.AbstractProtocol.start Starting ProtocolHandler ["http-nio-8080"]
27-Feb-2020 12:38:51.590 INFO [main] org.apache.catalina.startup.Catalina.start Server startup in 927 ms
27-Feb-2020 12:38:54.268 WARNING [main] org.apache.catalina.core.StandardServer.await Invalid shutdown command [] received
27-Feb-2020 12:40:32.107 INFO [ContainerBackgroundProcessor[StandardEngine[Catalina]]] org.apache.catalina.startup.HostConfig.undeploy Undeploying context [/CityWeatherSite]
27-Feb-2020 12:40:32.678 INFO [ContainerBackgroundProcessor[StandardEngine[Catalina]]] org.apache.catalina.startup.HostConfig.undeploy Undeploying context [/OOPII_21821_21810_war]
27-Feb-2020 12:40:39.570 INFO [main] org.apache.catalina.core.StandardServer.await A valid shutdown command was received via the shutdown port. Stopping the Server instance.
27-Feb-2020 12:40:39.571 INFO [main] org.apache.coyote.AbstractProtocol.pause Pausing ProtocolHandler ["http-nio-8080"]
27-Feb-2020 12:40:39.577 INFO [main] org.apache.catalina.core.StandardService.stopInternal Stopping service [Catalina]
27-Feb-2020 12:40:39.594 INFO [main] org.apache.coyote.AbstractProtocol.stop Stopping ProtocolHandler ["http-nio-8080"]
27-Feb-2020 12:40:39.596 INFO [main] org.apache.coyote.AbstractProtocol.destroy Destroying ProtocolHandler ["http-nio-8080"]
27-Feb-2020 12:40:48.292 INFO [main] org.apache.catalina.startup.VersionLoggerListener.log Server version name:   Apache Tomcat/8.5.51
27-Feb-2020 12:40:48.299 INFO [main] org.apache.catalina.startup.VersionLoggerListener.log Server built:          Feb 5 2020 22:26:25 UTC
27-Feb-2020 12:40:48.299 INFO [main] org.apache.catalina.startup.VersionLoggerListener.log Server version number: 8.5.51.0
27-Feb-2020 12:40:48.299 INFO [main] org.apache.catalina.startup.VersionLoggerListener.log OS Name:               Linux
27-Feb-2020 12:40:48.299 INFO [main] org.apache.catalina.startup.VersionLoggerListener.log OS Version:            5.3.0-40-generic
27-Feb-2020 12:40:48.299 INFO [main] org.apache.catalina.startup.VersionLoggerListener.log Architecture:          amd64
27-Feb-2020 12:40:48.300 INFO [main] org.apache.catalina.startup.VersionLoggerListener.log Java Home:             /usr/lib/jvm/java-11-openjdk-amd64
27-Feb-2020 12:40:48.300 INFO [main] org.apache.catalina.startup.VersionLoggerListener.log JVM Version:           11.0.6+10-post-Ubuntu-1ubuntu119.10.1
27-Feb-2020 12:40:48.300 INFO [main] org.apache.catalina.startup.VersionLoggerListener.log JVM Vendor:            Ubuntu
27-Feb-2020 12:40:48.300 INFO [main] org.apache.catalina.startup.VersionLoggerListener.log CATALINA_BASE:         /home/delta/IdeaProjects/IntelliJ/OOPII_21821_21810/apache-tomcat-8.5.51
27-Feb-2020 12:40:48.300 INFO [main] org.apache.catalina.startup.VersionLoggerListener.log CATALINA_HOME:         /home/delta/IdeaProjects/IntelliJ/OOPII_21821_21810/apache-tomcat-8.5.51
27-Feb-2020 12:40:48.301 INFO [main] org.apache.catalina.startup.VersionLoggerListener.log Command line argument: --add-opens=java.base/java.lang=ALL-UNNAMED
27-Feb-2020 12:40:48.302 INFO [main] org.apache.catalina.startup.VersionLoggerListener.log Command line argument: --add-opens=java.base/java.io=ALL-UNNAMED
27-Feb-2020 12:40:48.302 INFO [main] org.apache.catalina.startup.VersionLoggerListener.log Command line argument: --add-opens=java.rmi/sun.rmi.transport=ALL-UNNAMED
27-Feb-2020 12:40:48.302 INFO [main] org.apache.catalina.startup.VersionLoggerListener.log Command line argument: -Djava.util.logging.config.file=/home/delta/IdeaProjects/IntelliJ/OOPII_21821_21810/apache-tomcat-8.5.51/conf/logging.properties
27-Feb-2020 12:40:48.302 INFO [main] org.apache.catalina.startup.VersionLoggerListener.log Command line argument: -Djava.util.logging.manager=org.apache.juli.ClassLoaderLogManager
27-Feb-2020 12:40:48.302 INFO [main] org.apache.catalina.startup.VersionLoggerListener.log Command line argument: -Djdk.tls.ephemeralDHKeySize=2048
27-Feb-2020 12:40:48.302 INFO [main] org.apache.catalina.startup.VersionLoggerListener.log Command line argument: -Djava.protocol.handler.pkgs=org.apache.catalina.webresources
27-Feb-2020 12:40:48.302 INFO [main] org.apache.catalina.startup.VersionLoggerListener.log Command line argument: -Dorg.apache.catalina.security.SecurityListener.UMASK=0027
27-Feb-2020 12:40:48.303 INFO [main] org.apache.catalina.startup.VersionLoggerListener.log Command line argument: -Dignore.endorsed.dirs=
27-Feb-2020 12:40:48.303 INFO [main] org.apache.catalina.startup.VersionLoggerListener.log Command line argument: -Dcatalina.base=/home/delta/IdeaProjects/IntelliJ/OOPII_21821_21810/apache-tomcat-8.5.51
27-Feb-2020 12:40:48.303 INFO [main] org.apache.catalina.startup.VersionLoggerListener.log Command line argument: -Dcatalina.home=/home/delta/IdeaProjects/IntelliJ/OOPII_21821_21810/apache-tomcat-8.5.51
27-Feb-2020 12:40:48.303 INFO [main] org.apache.catalina.startup.VersionLoggerListener.log Command line argument: -Djava.io.tmpdir=/home/delta/IdeaProjects/IntelliJ/OOPII_21821_21810/apache-tomcat-8.5.51/temp
27-Feb-2020 12:40:48.303 INFO [main] org.apache.catalina.core.AprLifecycleListener.lifecycleEvent The APR based Apache Tomcat Native library which allows optimal performance in production environments was not found on the java.library.path: [/usr/java/packages/lib:/usr/lib/x86_64-linux-gnu/jni:/lib/x86_64-linux-gnu:/usr/lib/x86_64-linux-gnu:/usr/lib/jni:/lib:/usr/lib]
27-Feb-2020 12:40:48.351 INFO [main] org.apache.coyote.AbstractProtocol.init Initializing ProtocolHandler ["http-nio-8080"]
27-Feb-2020 12:40:48.365 INFO [main] org.apache.tomcat.util.net.NioSelectorPool.getSharedSelector Using a shared selector for servlet write/read
27-Feb-2020 12:40:48.398 INFO [main] org.apache.catalina.startup.Catalina.load Initialization processed in 1178 ms
27-Feb-2020 12:40:48.475 INFO [main] org.apache.catalina.core.StandardService.startInternal Starting service [Catalina]
27-Feb-2020 12:40:48.476 INFO [main] org.apache.catalina.core.StandardEngine.startInternal Starting Servlet Engine: Apache Tomcat/8.5.51
27-Feb-2020 12:40:48.486 INFO [localhost-startStop-1] org.apache.catalina.startup.HostConfig.deployDirectory Deploying web application directory [/home/delta/IdeaProjects/IntelliJ/OOPII_21821_21810/apache-tomcat-8.5.51/webapps/docs]
27-Feb-2020 12:40:48.846 INFO [localhost-startStop-1] org.apache.catalina.startup.HostConfig.deployDirectory Deployment of web application directory [/home/delta/IdeaProjects/IntelliJ/OOPII_21821_21810/apache-tomcat-8.5.51/webapps/docs] has finished in [360] ms
27-Feb-2020 12:40:48.847 INFO [localhost-startStop-1] org.apache.catalina.startup.HostConfig.deployDirectory Deploying web application directory [/home/delta/IdeaProjects/IntelliJ/OOPII_21821_21810/apache-tomcat-8.5.51/webapps/ROOT]
27-Feb-2020 12:40:48.872 INFO [localhost-startStop-1] org.apache.catalina.startup.HostConfig.deployDirectory Deployment of web application directory [/home/delta/IdeaProjects/IntelliJ/OOPII_21821_21810/apache-tomcat-8.5.51/webapps/ROOT] has finished in [25] ms
27-Feb-2020 12:40:48.873 INFO [localhost-startStop-1] org.apache.catalina.startup.HostConfig.deployDirectory Deploying web application directory [/home/delta/IdeaProjects/IntelliJ/OOPII_21821_21810/apache-tomcat-8.5.51/webapps/host-manager]
27-Feb-2020 12:40:48.920 INFO [localhost-startStop-1] org.apache.catalina.startup.HostConfig.deployDirectory Deployment of web application directory [/home/delta/IdeaProjects/IntelliJ/OOPII_21821_21810/apache-tomcat-8.5.51/webapps/host-manager] has finished in [47] ms
27-Feb-2020 12:40:48.921 INFO [localhost-startStop-1] org.apache.catalina.startup.HostConfig.deployDirectory Deploying web application directory [/home/delta/IdeaProjects/IntelliJ/OOPII_21821_21810/apache-tomcat-8.5.51/webapps/examples]
27-Feb-2020 12:40:49.253 INFO [localhost-startStop-1] org.apache.catalina.startup.HostConfig.deployDirectory Deployment of web application directory [/home/delta/IdeaProjects/IntelliJ/OOPII_21821_21810/apache-tomcat-8.5.51/webapps/examples] has finished in [332] ms
27-Feb-2020 12:40:49.254 INFO [localhost-startStop-1] org.apache.catalina.startup.HostConfig.deployDirectory Deploying web application directory [/home/delta/IdeaProjects/IntelliJ/OOPII_21821_21810/apache-tomcat-8.5.51/webapps/manager]
27-Feb-2020 12:40:49.305 INFO [localhost-startStop-1] org.apache.catalina.startup.HostConfig.deployDirectory Deployment of web application directory [/home/delta/IdeaProjects/IntelliJ/OOPII_21821_21810/apache-tomcat-8.5.51/webapps/manager] has finished in [51] ms
27-Feb-2020 12:40:49.313 INFO [main] org.apache.coyote.AbstractProtocol.start Starting ProtocolHandler ["http-nio-8080"]
27-Feb-2020 12:40:49.370 INFO [main] org.apache.catalina.startup.Catalina.start Server startup in 971 ms
27-Feb-2020 12:40:51.523 INFO [http-nio-8080-exec-1] org.apache.catalina.startup.HostConfig.deployWAR Deploying web application archive [/home/delta/IdeaProjects/IntelliJ/OOPII_21821_21810/apache-tomcat-8.5.51/webapps/CityWeatherSite.war]
27-Feb-2020 12:40:51.570 INFO [http-nio-8080-exec-1] org.apache.catalina.startup.HostConfig.deployWAR Deployment of web application archive [/home/delta/IdeaProjects/IntelliJ/OOPII_21821_21810/apache-tomcat-8.5.51/webapps/CityWeatherSite.war] has finished in [47] ms
27-Feb-2020 12:40:52.002 WARNING [main] org.apache.catalina.core.StandardServer.await Invalid shutdown command [] received
27-Feb-2020 12:42:55.331 WARNING [main] org.apache.catalina.core.StandardServer.await Invalid shutdown command [] received
27-Feb-2020 12:43:04.057 INFO [main] org.apache.catalina.core.StandardServer.await A valid shutdown command was received via the shutdown port. Stopping the Server instance.
27-Feb-2020 12:43:04.058 INFO [main] org.apache.coyote.AbstractProtocol.pause Pausing ProtocolHandler ["http-nio-8080"]
27-Feb-2020 12:43:04.064 INFO [main] org.apache.catalina.core.StandardService.stopInternal Stopping service [Catalina]
27-Feb-2020 12:43:04.093 INFO [main] org.apache.coyote.AbstractProtocol.stop Stopping ProtocolHandler ["http-nio-8080"]
27-Feb-2020 12:43:04.094 INFO [main] org.apache.coyote.AbstractProtocol.destroy Destroying ProtocolHandler ["http-nio-8080"]
